<?xml version="1.0" encoding="UTF-8"?>
<testng-results skipped="0" failed="0" total="1" passed="1">
  <reporter-output>
  </reporter-output>
  <suite name="Default suite" duration-ms="109" started-at="2016-07-18T05:46:37Z" finished-at="2016-07-18T05:46:37Z">
    <groups>
    </groups>
    <test name="Default test" duration-ms="109" started-at="2016-07-18T05:46:37Z" finished-at="2016-07-18T05:46:37Z">
      <class name="com.wechat.utils.StringToJsonStr">
        <test-method status="PASS" signature="test()[pri:0, instance:com.wechat.utils.StringToJsonStr@4e50079b]" name="test" duration-ms="90" started-at="2016-07-18T13:46:37Z" finished-at="2016-07-18T13:46:37Z">
          <reporter-output>
          </reporter-output>
        </test-method> <!-- test -->
      </class> <!-- com.wechat.utils.StringToJsonStr -->
    </test> <!-- Default test -->
  </suite> <!-- Default suite -->
</testng-results>
